PLINK v1.90b1g 64-bit (10 Jun 2014)
5 arguments: --allow-extra-chr --distance square --vcf finalwild_9k.vcf
Hostname: labqi046.msi.umn.edu
Working directory: /panfs/roc/scratch/depie014/introgression
Start time: Mon Aug 28 13:58:51 2017

Random number seed: 1503946731
24015 MB RAM detected; reserving 12007 MB for main workspace.
--vcf: plink-temporary.bed + plink-temporary.bim + plink-temporary.fam written.
2990 variants loaded from .bim file.
26 people (0 males, 0 females, 26 ambiguous) loaded from .fam.
Ambiguous sex IDs written to plink.nosex .
Using up to 15 threads (change this with --threads).
Calculating allele frequencies... done.
Total genotyping rate is 0.991767.
2990 variants and 26 people pass filters and QC.
Note: No phenotypes present.
Distance matrix calculation complete.
IDs written to plink.dist.id .
Distances (allele counts) written to plink.dist .

End time: Mon Aug 28 13:58:51 2017
